<?xml version="1.0" encoding="UTF-8"?>
<testng-results ignored="0" total="1" passed="1" failed="0" skipped="0">
  <reporter-output>
  </reporter-output>
  <suite started-at="2024-02-10T03:20:58 IST" name="Suite" finished-at="2024-02-10T03:21:03 IST" duration-ms="5048">
    <groups>
    </groups>
    <test started-at="2024-02-10T03:20:58 IST" name="ChromeTest" finished-at="2024-02-10T03:21:03 IST" duration-ms="5048">
      <class name="qa.tests.Testcase1">
        <test-method is-config="true" signature="beforeTestMethod()[pri:0, instance:qa.tests.Testcase1@c730b35]" started-at="2024-02-10T03:20:58 IST" name="beforeTestMethod" finished-at="2024-02-10T03:20:58 IST" duration-ms="247" status="PASS">
          <reporter-output>
          </reporter-output>
        </test-method> <!-- beforeTestMethod -->
        <test-method is-config="true" signature="beforeMethod_Method(java.lang.String,java.lang.reflect.Method)[pri:0, instance:qa.tests.Testcase1@c730b35]" started-at="2024-02-10T03:20:58 IST" name="beforeMethod_Method" finished-at="2024-02-10T03:21:00 IST" duration-ms="2195" status="PASS">
          <params>
            <param index="0">
              <value>
                <![CDATA[chrome]]>
              </value>
            </param>
            <param index="1">
              <value>
                <![CDATA[public void qa.tests.Testcase1.sampleMethodForEnteringCredentials()]]>
              </value>
            </param>
          </params>
          <reporter-output>
          </reporter-output>
        </test-method> <!-- beforeMethod_Method -->
        <test-method signature="sampleMethodForEnteringCredentials()[pri:0, instance:qa.tests.Testcase1@c730b35]" started-at="2024-02-10T03:21:00 IST" name="sampleMethodForEnteringCredentials" finished-at="2024-02-10T03:21:02 IST" duration-ms="2099" status="PASS">
          <reporter-output>
          </reporter-output>
        </test-method> <!-- sampleMethodForEnteringCredentials -->
        <test-method is-config="true" signature="afterMethod(org.testng.ITestResult)[pri:0, instance:qa.tests.Testcase1@c730b35]" started-at="2024-02-10T03:21:02 IST" name="afterMethod" finished-at="2024-02-10T03:21:02 IST" duration-ms="216" status="PASS">
          <params>
            <param index="0">
              <value>
                <![CDATA[[TestResult name=sampleMethodForEnteringCredentials status=SUCCESS method=Testcase1.sampleMethodForEnteringCredentials()[pri:0, instance:qa.tests.Testcase1@c730b35] output={null}]]]>
              </value>
            </param>
          </params>
          <reporter-output>
          </reporter-output>
        </test-method> <!-- afterMethod -->
        <test-method is-config="true" signature="afterTest()[pri:0, instance:qa.tests.Testcase1@c730b35]" started-at="2024-02-10T03:21:02 IST" name="afterTest" finished-at="2024-02-10T03:21:03 IST" duration-ms="258" status="PASS">
          <reporter-output>
          </reporter-output>
        </test-method> <!-- afterTest -->
      </class> <!-- qa.tests.Testcase1 -->
    </test> <!-- ChromeTest -->
  </suite> <!-- Suite -->
</testng-results>
